<?xml version="1.0" encoding="UTF-8"?>
<testng-results skipped="0" failed="0" total="1" passed="1">
  <reporter-output>
  </reporter-output>
  <suite name="Default suite" duration-ms="3386" started-at="2017-03-04T21:53:48Z" finished-at="2017-03-04T21:53:51Z">
    <groups>
    </groups>
    <test name="Default test" duration-ms="3386" started-at="2017-03-04T21:53:48Z" finished-at="2017-03-04T21:53:51Z">
      <class name="com.github.atramos.quant.etrade.cloudapp.DashboardTest">
        <test-method status="PASS" signature="testRead()[pri:0, instance:com.github.atramos.quant.etrade.cloudapp.DashboardTest@735b5592]" name="testRead" duration-ms="3372" started-at="2017-03-04T13:53:48Z" finished-at="2017-03-04T13:53:51Z">
          <reporter-output>
          </reporter-output>
        </test-method> <!-- testRead -->
      </class> <!-- com.github.atramos.quant.etrade.cloudapp.DashboardTest -->
    </test> <!-- Default test -->
  </suite> <!-- Default suite -->
</testng-results>
